This is pdfTeX, Version 3.1415926-2.3-1.40.12 (MiKTeX 2.9 64-bit) (preloaded format=pdflatex 2012.2.24)  14 MAR 2013 14:50
entering extended mode
**C:/Users/hugo/Documents/GitHub/coaxialWireMeasurementPaper/auguide.tex
(C:/Users/hugo/Documents/GitHub/coaxialWireMeasurementPaper/auguide.tex
LaTeX2e <2011/06/27>
Babel <v3.8m> and hyphenation patterns for english, afrikaans, ancientgreek, ar
abic, armenian, assamese, basque, bengali, bokmal, bulgarian, catalan, coptic, 
croatian, czech, danish, dutch, esperanto, estonian, farsi, finnish, french, ga
lician, german, german-x-2009-06-19, greek, gujarati, hindi, hungarian, iceland
ic, indonesian, interlingua, irish, italian, kannada, kurmanji, lao, latin, lat
vian, lithuanian, malayalam, marathi, mongolian, mongolianlmc, monogreek, ngerm
an, ngerman-x-2009-06-19, nynorsk, oriya, panjabi, pinyin, polish, portuguese, 
romanian, russian, sanskrit, serbian, slovak, slovenian, spanish, swedish, swis
sgerman, tamil, telugu, turkish, turkmen, ukenglish, ukrainian, uppersorbian, u
senglishmax, welsh, loaded.
("C:\Program Files\MiKTeX 2.9\tex\latex\revtex4\revtex4.cls"
Document Class: revtex4 2001/08/03 v4.0 (http://publish.aps.org/revtex4/ for do
cumentation)
 Copyright (c) 2001 The American Physical Society.
 mailto:revtex@aps.org
 Licensed under the LPPL:
http://www.ctan.org/tex-archive/macros/latex/base/lppl.txt
 Arthur Ogawa <ogawa@teleport.com>
 Based on work by David Carlisle <david@dcarlisle.demon.co.uk>.
ltxutil: portions licensed from W. E. Baxter (web@superscript.com)
Class revtex4 Info: Repairing broken LateX \@sect on input line 596.
\intertabularlinepenalty=\count79
\@tbpen=\count80
\@arstrutbox@hline=\box26
Class revtex4 Info: Repairing broken LaTeX \@xbitor on input line 1610.
ltxgrid: portions licensed from W. E. Baxter (web@superscript.com)
\c@linecount=\count81
\output=\toks14
\@protection@box=\box27
\@topmark@saved=\toks15
\footins@saved=\box28
\pagesofar=\box29
\footbox=\box30
\pagegrid@col=\count82
Class revtex4 Info: Incorporating package {textcase}  [1998/11/12 v0.06 Text on
ly upper/lower case changing (DPC)]. on input line 3682.
("C:\Program Files\MiKTeX 2.9\tex\latex\ltxmisc\url.sty"
\Urlmuskip=\muskip10
Package: url 2006/04/12  ver 3.3  Verb mode for urls, etc.
)
\c@affil=\count83
\absbox=\box31
\c@part=\count84
\c@section=\count85
\c@subsection=\count86
\c@subsubsection=\count87
\c@paragraph=\count88
\c@subparagraph=\count89
\abovecaptionskip=\skip41
\belowcaptionskip=\skip42
\c@figure=\count90
\c@table=\count91

("C:\Program Files\MiKTeX 2.9\tex\latex\natbib\natbib.sty"
Package: natbib 2010/09/13 8.31b (PWD, AO)
\bibhang=\skip43
\bibsep=\skip44
LaTeX Info: Redefining \cite on input line 694.
\c@NAT@ctr=\count92
)
\widetext@top=\box32
\widetext@bot=\box33

("C:\Program Files\MiKTeX 2.9\tex\latex\revtex4\revsymb.sty"
Package: revsymb 2001/08/03 v4.0 (http://publish.aps.org/revtex4/ for documenta
tion)
LaTeX Info: Redefining \REV@mathfrak on input line 118.
))
("C:\Program Files\MiKTeX 2.9\tex\latex\amsfonts\amssymb.sty"
Package: amssymb 2009/06/22 v3.00

("C:\Program Files\MiKTeX 2.9\tex\latex\amsfonts\amsfonts.sty"
Package: amsfonts 2009/06/22 v3.00 Basic AMSFonts support
\@emptytoks=\toks16
\symAMSa=\mathgroup4
\symAMSb=\mathgroup5
LaTeX Font Info:    Overwriting math alphabet `\mathfrak' in version `bold'
(Font)                  U/euf/m/n --> U/euf/b/n on input line 96.
LaTeX Info: Redefining \frak on input line 99.
LaTeX Info: Redefining \Bbb on input line 101.
))
("C:\Program Files\MiKTeX 2.9\tex\latex\ams\math\amsmath.sty"
Package: amsmath 2000/07/18 v2.13 AMS math features
\@mathmargin=\skip45

For additional information on amsmath, use the `?' option.
("C:\Program Files\MiKTeX 2.9\tex\latex\ams\math\amstext.sty"
Package: amstext 2000/06/29 v2.01

("C:\Program Files\MiKTeX 2.9\tex\latex\ams\math\amsgen.sty"
File: amsgen.sty 1999/11/30 v2.0
\@emptytoks=\toks17
\ex@=\dimen102
))
("C:\Program Files\MiKTeX 2.9\tex\latex\ams\math\amsbsy.sty"
Package: amsbsy 1999/11/29 v1.2d
\pmbraise@=\dimen103
)
("C:\Program Files\MiKTeX 2.9\tex\latex\ams\math\amsopn.sty"
Package: amsopn 1999/12/14 v2.01 operator names
)
\inf@bad=\count93
LaTeX Info: Redefining \frac on input line 211.
\uproot@=\count94
\leftroot@=\count95
LaTeX Info: Redefining \overline on input line 307.
\classnum@=\count96
\DOTSCASE@=\count97
LaTeX Info: Redefining \ldots on input line 379.
LaTeX Info: Redefining \dots on input line 382.
LaTeX Info: Redefining \cdots on input line 467.
\Mathstrutbox@=\box34
\strutbox@=\box35
\big@size=\dimen104
LaTeX Font Info:    Redeclaring font encoding OML on input line 567.
LaTeX Font Info:    Redeclaring font encoding OMS on input line 568.
\macc@depth=\count98
\c@MaxMatrixCols=\count99
\dotsspace@=\muskip11
\c@parentequation=\count100
\dspbrk@lvl=\count101
\tag@help=\toks18
\row@=\count102
\column@=\count103
\maxfields@=\count104
\andhelp@=\toks19
\eqnshift@=\dimen105
\alignsep@=\dimen106
\tagshift@=\dimen107
\tagwidth@=\dimen108
\totwidth@=\dimen109
\lineht@=\dimen110
\@envbody=\toks20
\multlinegap=\skip46
\multlinetaggap=\skip47
\mathdisplay@stack=\toks21
LaTeX Info: Redefining \[ on input line 2666.
LaTeX Info: Redefining \] on input line 2667.
)
("C:\Program Files\MiKTeX 2.9\tex\latex\revtex4\aps.rtx"
File: aps.rtx 2001/08/03 v4.0 (http://publish.aps.org/revtex4/ for documentatio
n)
)
("C:\Program Files\MiKTeX 2.9\tex\latex\revtex4\10pt.rtx"
File: 10pt.rtx 2001/08/03 v4.0 (http://publish.aps.org/revtex4/ for documentati
on)
)
(C:\Users\hugo\Documents\GitHub\coaxialWireMeasurementPaper\docs.sty
LaTeX Info: Redefining \AmS on input line 8.
)
("C:\Program Files\MiKTeX 2.9\tex\latex\tools\bm.sty"
Package: bm 2004/02/26 v1.1c Bold Symbol Support (DPC/FMi)
\symboldoperators=\mathgroup6
\symboldletters=\mathgroup7
\symboldsymbols=\mathgroup8
LaTeX Font Info:    Redeclaring math alphabet \mathbf on input line 138.
LaTeX Info: Redefining \bm on input line 204.
)
(C:\Users\hugo\Documents\GitHub\coaxialWireMeasurementPaper\auguide.aux)
LaTeX Font Info:    Checking defaults for OML/cmm/m/it on input line 30.
LaTeX Font Info:    ... okay on input line 30.
LaTeX Font Info:    Checking defaults for T1/cmr/m/n on input line 30.
LaTeX Font Info:    ... okay on input line 30.
LaTeX Font Info:    Checking defaults for OT1/cmr/m/n on input line 30.
LaTeX Font Info:    ... okay on input line 30.
LaTeX Font Info:    Checking defaults for OMS/cmsy/m/n on input line 30.
LaTeX Font Info:    ... okay on input line 30.
LaTeX Font Info:    Checking defaults for OMX/cmex/m/n on input line 30.
LaTeX Font Info:    ... okay on input line 30.
LaTeX Font Info:    Checking defaults for U/cmr/m/n on input line 30.
LaTeX Font Info:    ... okay on input line 30.
Class revtex4 Info: Patching LaTeX tabular. on input line 30.
Class revtex4 Info: cite was not loaded (OK!) on input line 30.
Class revtex4 Info: multicol was not loaded (OK!) on input line 30.
LaTeX Font Info:    Try loading font information for U+msa on input line 38.

("C:\Program Files\MiKTeX 2.9\tex\latex\amsfonts\umsa.fd"
File: umsa.fd 2009/06/22 v3.00 AMS symbols A
)
LaTeX Font Info:    Try loading font information for U+msb on input line 38.

("C:\Program Files\MiKTeX 2.9\tex\latex\amsfonts\umsb.fd"
File: umsb.fd 2009/06/22 v3.00 AMS symbols B
)
(C:\Users\hugo\Documents\GitHub\coaxialWireMeasurementPaper\auguide.toc
Overfull \hbox (5.00003pt too wide) detected at line 41
 \OT1/cmr/m/n/10 10
 []


Overfull \hbox (5.00003pt too wide) detected at line 42
 \OT1/cmr/m/n/10 10
 []


Overfull \hbox (5.00003pt too wide) detected at line 43
 \OT1/cmr/m/n/10 11
 []


Overfull \hbox (5.00003pt too wide) detected at line 44
 \OT1/cmr/m/n/10 11
 []


Overfull \hbox (5.00003pt too wide) detected at line 45
 \OT1/cmr/m/n/10 11
 []


Overfull \hbox (5.00003pt too wide) detected at line 46
 \OT1/cmr/m/n/10 12
 []


Overfull \hbox (5.00003pt too wide) detected at line 47
 \OT1/cmr/m/n/10 12
 []


Overfull \hbox (5.00003pt too wide) detected at line 48
 \OT1/cmr/m/n/10 13
 []


Overfull \hbox (5.00003pt too wide) detected at line 49
 \OT1/cmr/m/n/10 13
 []


Overfull \hbox (5.00003pt too wide) detected at line 50
 \OT1/cmr/m/n/10 13
 []


Overfull \hbox (5.00003pt too wide) detected at line 51
 \OT1/cmr/m/n/10 14
 []


Overfull \hbox (5.00003pt too wide) detected at line 52
 \OT1/cmr/m/n/10 14
 []


Overfull \hbox (5.00003pt too wide) detected at line 53
 \OT1/cmr/m/n/10 15
 []

LaTeX Font Info:    Font shape `OT1/cmtt/bx/n' in size <10> not available
(Font)              Font shape `OT1/cmtt/m/n' tried instead on input line 54.

Overfull \hbox (5.00003pt too wide) detected at line 54
 \OT1/cmr/m/n/10 15
 []


Overfull \hbox (5.00003pt too wide) detected at line 55
 \OT1/cmr/m/n/10 15
 []


Overfull \hbox (5.00003pt too wide) detected at line 56
 \OT1/cmr/m/n/10 15
 []


Overfull \hbox (5.00003pt too wide) detected at line 57
 \OT1/cmr/m/n/10 15
 []

)
\tf@toc=\write3
LaTeX Font Info:    Try loading font information for OMS+cmr on input line 53.
 ("C:\Program Files\MiKTeX 2.9\tex\latex\base\omscmr.fd"
File: omscmr.fd 1999/05/25 v2.5h Standard LaTeX font definitions
)
LaTeX Font Info:    Font shape `OMS/cmr/m/n' in size <10> not available
(Font)              Font shape `OMS/cmsy/m/n' tried instead on input line 53.
 [1{C:/ProgramData/MiKTeX/2.9/pdftex/config/pdftex.map}]
LaTeX Font Info:    Font shape `OMS/cmr/m/n' in size <8> not available
(Font)              Font shape `OMS/cmsy/m/n' tried instead on input line 194.
 [2]

LaTeX Warning: A float is stuck (cannot be placed); try class option [floatfix]
 on input line 211.

LaTeX Font Info:    Font shape `OMS/cmr/m/n' in size <9> not available
(Font)              Font shape `OMS/cmsy/m/n' tried instead on input line 236.

Underfull \hbox (badness 10000) in paragraph at lines 255--265
\OT1/cmr/m/n/10 on CTAN at $\OT1/cmtt/m/n/10 ftp : / / ctan . tug . org / tex-[
]archive /$
 []


Underfull \hbox (badness 3758) in paragraph at lines 255--265
$\OT1/cmtt/m/n/10 macros / latex / required/$ \OT1/cmr/m/n/10 and at $\OT1/cmtt
/m/n/10 ftp : / / ctan . tug .$
 []


Underfull \hbox (badness 10000) in paragraph at lines 255--265
$\OT1/cmtt/m/n/10 org / tex-[]archive / macros / latex / contrib/$ \OT1/cmr/m/n
/10 or may
 []


Underfull \hbox (badness 1442) in paragraph at lines 255--265
\OT1/cmr/m/n/10 T[]X Live CD-ROM $\OT1/cmtt/m/n/10 http : / / www . tug . org /
 texlive/$\OT1/cmr/m/n/10 .
 []


Underfull \hbox (badness 4752) in paragraph at lines 266--270
[]\OT1/cmr/m/n/10 Required pack-ages are au-to-mat-i-cally loaded by
 []

[3]
Underfull \hbox (badness 1590) in paragraph at lines 301--305
 []\OT1/cmtt/m/n/10 hyperref.sty \OT1/cmr/m/n/10 is a pack-age by Se-bas-tian
 []


Underfull \hbox (badness 10000) in paragraph at lines 339--357
[]\OT1/cmr/m/n/10 The ba-sic for-mat-ting of the manuscript
 []


Underfull \hbox (badness 10000) in paragraph at lines 339--357
\OT1/cmr/m/n/10 is con-trolled by set-ting \OT1/cmr/m/it/10 class op-tions \OT1
/cmr/m/n/10 us-ing
 []


Underfull \hbox (badness 2799) in paragraph at lines 339--357
\OT1/cmtt/m/n/10 \documentclass[[]]{revtex4}\OT1/cmr/m/n/10 . The macro
 []

[4]
Underfull \hbox (badness 1817) in paragraph at lines 422--430
\OT1/cmr/m/n/10 This lay-out style for dis-play-ing au-thors and their
 []


Underfull \hbox (badness 2181) in paragraph at lines 422--430
\OT1/cmr/m/n/10 af-fil-i-a-tions is cho-sen by se-lect-ing the class op-tion
 []


Underfull \hbox (badness 1348) in paragraph at lines 451--456
[]\OT1/cmr/m/n/10 There is a third class op-tion, \OT1/cmtt/m/n/10 unsortedaddr
ess\OT1/cmr/m/n/10 ,
 []


Underfull \hbox (badness 5878) in paragraph at lines 480--482
[]\OT1/cmr/m/n/10 If an au-thor doesn't have an af-fil-i-a-tion, the
 []


Underfull \hbox (badness 1571) in paragraph at lines 486--495
[]\OT1/cmr/m/n/10 A col-lab-o-ra-tion name can be spec-i-fied with the
 []

[5]
Underfull \hbox (badness 1466) in paragraph at lines 527--530
\OT1/cmr/m/n/10 This would re-sult in the foot-note ``E-mail me at:
 []

[6]
Underfull \hbox (badness 1609) in paragraph at lines 704--708
\OT1/cmr/m/n/10 quoted text (\OT1/cmtt/m/n/10 ``xxx''\OT1/cmr/m/n/10 ), not str
aight dou-ble quotes
 []

[7]
Underfull \hbox (badness 3148) in paragraph at lines 764--774
[]\OT1/cmr/m/n/10 Files that use cross-referencing (and al-most all
 []


Underfull \hbox (badness 1062) in paragraph at lines 775--778
[]\OT1/cmr/m/n/10 Another L[]T[]X warn-ing is \OT1/cmtt/m/n/10 There were undef
ined
 []


Underfull \hbox (badness 2050) in paragraph at lines 810--816
\OT1/cmr/m/n/10 a sin-gle ap-pendix, use a \OT1/cmtt/m/n/10 \appendix[]* \OT1/c
mr/m/n/10 fol-lowed by
 []

[8]
Underfull \hbox (badness 1009) in paragraph at lines 840--850
\OT1/cmr/m/n/10 com-mand is the pre-ferred method of ac-com-plish-ing
 []


Underfull \hbox (badness 1308) in paragraph at lines 840--850
\OT1/cmr/m/n/10 gives ``$\OML/cmm/m/it/10 y \OT1/cmr/m/n/10 = \OML/cmm/m/it/10 
x[]x[]$\OT1/cmr/m/n/10 ''. To use the \OT1/cmtt/m/n/10 \text \OT1/cmr/m/n/10 co
m-
 []


Underfull \hbox (badness 10000) in paragraph at lines 935--939
[]\OT1/cmr/m/n/10 To re-fer to a num-bered equa-tion, use the
 []


Underfull \hbox (badness 2790) in paragraph at lines 935--939
\OT1/cmtt/m/n/10 \label{[]} \OT1/cmr/m/n/10 and \OT1/cmtt/m/n/10 \ref{[]} \OT1/
cmr/m/n/10 com-mands. The
 []

[9]
Underfull \hbox (badness 1117) in paragraph at lines 965--967
[]\OT1/cmr/m/n/10 Numbers pro-duced with \OT1/cmtt/m/n/10 \tag \OT1/cmr/m/n/10 
can also be cross-
 []

LaTeX Font Info:    Font shape `OT1/cmtt/bx/n' in size <9> not available
(Font)              Font shape `OT1/cmtt/m/n' tried instead on input line 1005.


Underfull \hbox (badness 1609) in paragraph at lines 1007--1015
\OT1/cmr/m/n/10 pack-ages pro-vided ex-tra fonts, sym-bols, and math
 []

LaTeX Font Info:    Try loading font information for U+euf on input line 1023.
("C:\Program Files\MiKTeX 2.9\tex\latex\amsfonts\ueuf.fd"
File: ueuf.fd 2009/06/22 v3.00 Euler Fraktur
) [10]
Underfull \hbox (badness 1152) in paragraph at lines 1180--1188
[]\OT1/cmr/m/n/10 When the ci-ta-tion con-sti-tutes part of the gram-
 []


Underfull \hbox (badness 1127) in paragraph at lines 1180--1188
\OT1/cmr/m/n/10 may be used (anal-o-gous to the \OT1/cmtt/m/n/10 \onlinecite \O
T1/cmr/m/n/10 com-
 []

[11] [12]
Overfull \hbox (21.74767pt too wide) in paragraph at lines 1372--1372
[]\OT1/cmtt/m/n/10 \caption{\label{tab:example}Text of table caption.}[] 
 []


Underfull \hbox (badness 6284) in paragraph at lines 1374--1377
[]\OT1/cmr/m/n/10 The \OT1/cmtt/m/n/10 quasitable \OT1/cmr/m/n/10 en-vi-ron-men
t is no longer in
 []

[13]
Underfull \hbox (badness 1142) in paragraph at lines 1447--1465
\OT1/cmtt/m/n/10 longtable.sty \OT1/cmr/m/n/10 pack-age in-cluded with the stan
-dard
 []

[14]
Underfull \hbox (badness 2426) in paragraph at lines 1583--1592
\OT1/cmr/m/n/10 pack-age. Note that \OT1/cmtt/m/n/10 \overcirc\OT1/cmr/m/n/10 ,
 \OT1/cmtt/m/n/10 \overdots\OT1/cmr/m/n/10 , and
 []


Underfull \hbox (badness 1342) in paragraph at lines 1583--1592
\OT1/cmtt/m/n/10 \corresponds \OT1/cmr/m/n/10 are no longer in REVT[]X 4. Use
 []


Underfull \hbox (badness 1603) in paragraph at lines 1583--1592
\OT1/cmtt/m/n/10 \lesssim\OT1/cmr/m/n/10 , and \OT1/cmtt/m/n/10 \gtrsim \OT1/cm
r/m/n/10 are also de-fined ei-ther in
 []

[15]
No file auguide.ind.
[16] (C:\Users\hugo\Documents\GitHub\coaxialWireMeasurementPaper\auguide.aux)

 *File List*
 revtex4.cls    2001/08/03 v4.0 (http://publish.aps.org/revtex4/ for documentat
ion)
     url.sty    2006/04/12  ver 3.3  Verb mode for urls, etc.
  natbib.sty    2010/09/13 8.31b (PWD, AO)
 revsymb.sty    2001/08/03 v4.0 (http://publish.aps.org/revtex4/ for documentat
ion)
 amssymb.sty    2009/06/22 v3.00
amsfonts.sty    2009/06/22 v3.00 Basic AMSFonts support
 amsmath.sty    2000/07/18 v2.13 AMS math features
 amstext.sty    2000/06/29 v2.01
  amsgen.sty    1999/11/30 v2.0
  amsbsy.sty    1999/11/29 v1.2d
  amsopn.sty    1999/12/14 v2.01 operator names
     aps.rtx    2001/08/03 v4.0 (http://publish.aps.org/revtex4/ for documentat
ion)
    10pt.rtx    2001/08/03 v4.0 (http://publish.aps.org/revtex4/ for documentat
ion)
    docs.sty    
      bm.sty    2004/02/26 v1.1c Bold Symbol Support (DPC/FMi)
    umsa.fd    2009/06/22 v3.00 AMS symbols A
    umsb.fd    2009/06/22 v3.00 AMS symbols B
  omscmr.fd    1999/05/25 v2.5h Standard LaTeX font definitions
    ueuf.fd    2009/06/22 v3.00 Euler Fraktur
 ***********

 ) 
Here is how much of TeX's memory you used:
 2968 strings out of 494045
 35593 string characters out of 3148390
 110039 words of memory out of 3000000
 6234 multiletter control sequences out of 15000+200000
 20200 words of font info for 75 fonts, out of 3000000 for 9000
 715 hyphenation exceptions out of 8191
 33i,16n,29p,286b,360s stack positions out of 5000i,500n,10000p,200000b,50000s
<C:/Program Files/MiKTeX 2.9/fonts/type1/public/amsfonts/cm/cmbx10.pfb><C:/Pr
ogram Files/MiKTeX 2.9/fonts/type1/public/amsfonts/cm/cmbx12.pfb><C:/Program Fi
les/MiKTeX 2.9/fonts/type1/public/amsfonts/cm/cmbx6.pfb><C:/Program Files/MiKTe
X 2.9/fonts/type1/public/amsfonts/cm/cmbx7.pfb><C:/Program Files/MiKTeX 2.9/fon
ts/type1/public/amsfonts/cm/cmbx9.pfb><C:/Program Files/MiKTeX 2.9/fonts/type1/
public/amsfonts/cm/cmbxti10.pfb><C:/Program Files/MiKTeX 2.9/fonts/type1/public
/amsfonts/cm/cmcsc10.pfb><C:/Program Files/MiKTeX 2.9/fonts/type1/public/amsfon
ts/cmextra/cmex9.pfb><C:/Program Files/MiKTeX 2.9/fonts/type1/public/amsfonts/c
m/cmmi10.pfb><C:/Program Files/MiKTeX 2.9/fonts/type1/public/amsfonts/cm/cmmi7.
pfb><C:/Program Files/MiKTeX 2.9/fonts/type1/public/amsfonts/cm/cmmi9.pfb><C:/P
rogram Files/MiKTeX 2.9/fonts/type1/public/amsfonts/cm/cmmib10.pfb><C:/Program 
Files/MiKTeX 2.9/fonts/type1/public/amsfonts/cmextra/cmmib7.pfb><C:/Program Fil
es/MiKTeX 2.9/fonts/type1/public/amsfonts/cmextra/cmmib9.pfb><C:/Program Files/
MiKTeX 2.9/fonts/type1/public/amsfonts/cm/cmr10.pfb><C:/Program Files/MiKTeX 2.
9/fonts/type1/public/amsfonts/cm/cmr6.pfb><C:/Program Files/MiKTeX 2.9/fonts/ty
pe1/public/amsfonts/cm/cmr7.pfb><C:/Program Files/MiKTeX 2.9/fonts/type1/public
/amsfonts/cm/cmr8.pfb><C:/Program Files/MiKTeX 2.9/fonts/type1/public/amsfonts/
cm/cmr9.pfb><C:/Program Files/MiKTeX 2.9/fonts/type1/public/amsfonts/cm/cmsy10.
pfb><C:/Program Files/MiKTeX 2.9/fonts/type1/public/amsfonts/cm/cmsy6.pfb><C:/P
rogram Files/MiKTeX 2.9/fonts/type1/public/amsfonts/cm/cmsy7.pfb><C:/Program Fi
les/MiKTeX 2.9/fonts/type1/public/amsfonts/cm/cmsy8.pfb><C:/Program Files/MiKTe
X 2.9/fonts/type1/public/amsfonts/cm/cmsy9.pfb><C:/Program Files/MiKTeX 2.9/fon
ts/type1/public/amsfonts/cm/cmti10.pfb><C:/Program Files/MiKTeX 2.9/fonts/type1
/public/amsfonts/cm/cmti7.pfb><C:/Program Files/MiKTeX 2.9/fonts/type1/public/a
msfonts/cm/cmti8.pfb><C:/Program Files/MiKTeX 2.9/fonts/type1/public/amsfonts/c
m/cmti9.pfb><C:/Program Files/MiKTeX 2.9/fonts/type1/public/amsfonts/cm/cmtt10.
pfb><C:/Program Files/MiKTeX 2.9/fonts/type1/public/amsfonts/cm/cmtt8.pfb><C:/P
rogram Files/MiKTeX 2.9/fonts/type1/public/amsfonts/cm/cmtt9.pfb><C:/Program Fi
les/MiKTeX 2.9/fonts/type1/public/amsfonts/euler/eufm10.pfb><C:/Program Files/M
iKTeX 2.9/fonts/type1/public/amsfonts/symbols/msam10.pfb><C:/Program Files/MiKT
eX 2.9/fonts/type1/public/amsfonts/symbols/msbm10.pfb>
Output written on auguide.pdf (16 pages, 459988 bytes).
PDF statistics:
 190 PDF objects out of 1000 (max. 8388607)
 0 named destinations out of 1000 (max. 500000)
 1 words of extra memory for PDF output out of 10000 (max. 10000000)

